
Shannon 8D Specification Analysis

Spec file: test_spec.md
Length: 1957 characters
Session: session_20251113_194034

2025-11-13 19:40:34,925 - shannon.sdk.client - INFO - ShannonSDKClient initialized
Invoking Shannon Framework:

System: Plugin initialized
  ✓ Shannon Framework loaded

Execution Complete:
  Duration: 78831ms
  Turns: 7
  Cost: $0.7262

Processing 25 messages...


Error: Analysis failed: Could not find complexity score in analysis output

Traceback (most recent call last):
  File "/Users/nick/Desktop/shannon-cli/src/shannon/cli/commands.py", line 336, 
in run_analysis
    result = parser.extract_analysis_result(messages)
             ^^^^^^^^^^^^^^^^^^^^^^^^^^^^^^^^^^^^^^^^
  File "/Users/nick/Desktop/shannon-cli/src/shannon/sdk/message_parser.py", line
102, in extract_analysis_result
    complexity_score = self._parse_complexity_score(result_text)
                       ^^^^^^^^^^^^^^^^^^^^^^^^^^^^^^^^^^^^^^^^^
  File "/Users/nick/Desktop/shannon-cli/src/shannon/sdk/message_parser.py", line
256, in _parse_complexity_score
    raise ValueError("Could not find complexity score in analysis output")
ValueError: Could not find complexity score in analysis output

